[template] [36mINFO[0m[13.03.2024 00:49:16] version 1.0.0                                 [36mfile[0m=cmd/main.go [36mline[0m=24
[template] [36mINFO[0m[13.03.2024 01:08:55] version 1.0.0                                 [36mfile[0m=cmd/main.go [36mline[0m=24
[template] [36mINFO[0m[13.03.2024 01:11:59] version 1.0.0                                 [36mfile[0m=cmd/main.go [36mline[0m=24
[template] [36mINFO[0m[13.03.2024 01:12:24] version 1.0.0                                 [36mfile[0m=cmd/main.go [36mline[0m=24
[template] [36mINFO[0m[13.03.2024 01:14:30] version 1.0.0                                 [36mfile[0m=cmd/main.go [36mline[0m=24
[template] [36mINFO[0m[13.03.2024 01:15:32] version 1.0.0                                 [36mfile[0m=cmd/main.go [36mline[0m=24
[template] [36mINFO[0m[13.03.2024 01:18:21] version 1.0.0                                 [36mfile[0m=cmd/main.go [36mline[0m=24
[template] [36mINFO[0m[13.03.2024 01:19:41] version 1.0.0                                 [36mfile[0m=cmd/main.go [36mline[0m=24
[template] [36mINFO[0m[13.03.2024 01:22:49] version 1.0.0                                 [36mfile[0m=cmd/main.go [36mline[0m=24
[template] [36mINFO[0m[13.03.2024 01:23:25] version 1.0.0                                 [36mfile[0m=cmd/main.go [36mline[0m=24
[template] [36mINFO[0m[13.03.2024 01:24:47] version 1.0.0                                 [36mfile[0m=cmd/main.go [36mline[0m=24
[template] [36mINFO[0m[13.03.2024 01:25:17] version 1.0.0                                 [36mfile[0m=cmd/main.go [36mline[0m=24
[template] [36mINFO[0m[13.03.2024 01:28:09] version 1.0.0                                 [36mfile[0m=cmd/main.go [36mline[0m=24
[template] [36mINFO[0m[13.03.2024 01:29:15] version 1.0.0                                 [36mfile[0m=cmd/main.go [36mline[0m=24
[template] [36mINFO[0m[13.03.2024 01:29:42] version 1.0.0                                 [36mfile[0m=cmd/main.go [36mline[0m=24
[template] [36mINFO[0m[13.03.2024 01:31:02] version 1.0.0                                 [36mfile[0m=cmd/main.go [36mline[0m=24
[template] [36mINFO[0m[13.03.2024 01:33:07] version 1.0.0                                 [36mfile[0m=cmd/main.go [36mline[0m=24
[template] [36mINFO[0m[13.03.2024 01:43:13] version 1.0.0                                 [36mfile[0m=cmd/main.go [36mline[0m=24
[template] [36mINFO[0m[13.03.2024 01:45:38] version 1.0.0                                 [36mfile[0m=cmd/main.go [36mline[0m=24
[template] [36mINFO[0m[13.03.2024 01:46:17] version 1.0.0                                 [36mfile[0m=cmd/main.go [36mline[0m=24
[template] [36mINFO[0m[13.03.2024 01:48:28] version 1.0.0                                 [36mfile[0m=cmd/main.go [36mline[0m=24
[template] [36mINFO[0m[13.03.2024 01:56:38] version 1.0.0                                 [36mfile[0m=cmd/main.go [36mline[0m=24
[template] [36mINFO[0m[13.03.2024 01:57:57] version 1.0.0                                 [36mfile[0m=cmd/main.go [36mline[0m=24
[template] [36mINFO[0m[13.03.2024 02:00:16] version 1.0.0                                 [36mfile[0m=cmd/main.go [36mline[0m=24
[template] [36mINFO[0m[13.03.2024 10:33:13] version 1.0.0                                 [36mfile[0m=cmd/main.go [36mline[0m=24
[template] [36mINFO[0m[13.03.2024 12:48:28] version 1.0.0                                 [36mfile[0m=cmd/main.go [36mline[0m=24
[template] [36mINFO[0m[13.03.2024 12:51:23] version 1.0.0                                 [36mfile[0m=cmd/main.go [36mline[0m=24
[template] [36mINFO[0m[13.03.2024 16:49:16] version 1.0.0                                 [36mfile[0m=cmd/main.go [36mline[0m=25
[template] [36mINFO[0m[13.03.2024 16:49:16] сервер успешно запущен                        [36mfile[0m=rest/server.go [36mline[0m=27
[template] [36mINFO[0m[13.03.2024 17:07:56] version 1.0.0                                 [36mfile[0m=cmd/main.go [36mline[0m=25
[template] [36mINFO[0m[13.03.2024 17:07:56] сервер успешно запущен                        [36mfile[0m=rest/server.go [36mline[0m=27
[template] [36mINFO[0m[13.03.2024 17:12:43] version 1.0.0                                 [36mfile[0m=cmd/main.go [36mline[0m=25
[template] [36mINFO[0m[13.03.2024 17:12:43] сервер успешно запущен                        [36mfile[0m=rest/server.go [36mline[0m=27
[template] [36mINFO[0m[13.03.2024 17:15:17] version 1.0.0                                 [36mfile[0m=cmd/main.go [36mline[0m=25
[template] [36mINFO[0m[13.03.2024 17:15:17] сервер успешно запущен на порту :8080         [36mfile[0m=rest/server.go [36mline[0m=27
[template] [36mINFO[0m[13.03.2024 17:19:37] version 1.0.0                                 [36mfile[0m=cmd/main.go [36mline[0m=25
[template] [36mINFO[0m[13.03.2024 17:19:37] сервер успешно запущен на порту :8080         [36mfile[0m=rest/server.go [36mline[0m=27
[template] [36mINFO[0m[13.03.2024 17:20:59] version 1.0.0                                 [36mfile[0m=cmd/main.go [36mline[0m=25
[template] [36mINFO[0m[13.03.2024 17:20:59] сервер успешно запущен на порту :8080         [36mfile[0m=rest/server.go [36mline[0m=27
[template] [36mINFO[0m[13.03.2024 17:21:58] version 1.0.0                                 [36mfile[0m=cmd/main.go [36mline[0m=25
[template] [36mINFO[0m[13.03.2024 17:21:58] сервер успешно запущен на порту :9000         [36mfile[0m=rest/server.go [36mline[0m=27
[template] [36mINFO[0m[13.03.2024 17:28:14] актер успешно добавлен                        [36mfile[0m=usecase/actors.go [36mline[0m=37
[template] [36mINFO[0m[14.03.2024 13:59:21] version 1.0.0                                 [36mfile[0m=cmd/main.go [36mline[0m=25
[template] [36mINFO[0m[14.03.2024 13:59:21] сервер успешно запущен на порту :9000         [36mfile[0m=rest/server.go [36mline[0m=27
[template] [36mINFO[0m[14.03.2024 14:00:17] актер успешно добавлен                        [36mfile[0m=usecase/actors.go [36mline[0m=40
[template] [36mINFO[0m[14.03.2024 14:19:07] version 1.0.0                                 [36mfile[0m=cmd/main.go [36mline[0m=25
[template] [36mINFO[0m[14.03.2024 14:19:07] сервер успешно запущен на порту :9000         [36mfile[0m=rest/server.go [36mline[0m=27
[template] [36mINFO[0m[14.03.2024 14:21:51] version 1.0.0                                 [36mfile[0m=cmd/main.go [36mline[0m=25
[template] [36mINFO[0m[14.03.2024 14:21:51] сервер успешно запущен на порту :9000         [36mfile[0m=rest/server.go [36mline[0m=28
[template] [36mINFO[0m[14.03.2024 17:06:56] version 1.0.0                                 [36mfile[0m=cmd/main.go [36mline[0m=25
[template] [36mINFO[0m[14.03.2024 17:06:56] сервер успешно запущен на порту :9000         [36mfile[0m=rest/server.go [36mline[0m=28
[template] [36mINFO[0m[14.03.2024 17:16:36] данные актера успешно обновлены               [36mfile[0m=usecase/actors.go [36mline[0m=51
[template] [36mINFO[0m[14.03.2024 17:19:21] данные актера успешно обновлены               [36mfile[0m=usecase/actors.go [36mline[0m=51
[template] [36mINFO[0m[14.03.2024 17:30:11] version 1.0.0                                 [36mfile[0m=cmd/main.go [36mline[0m=25
[template] [36mINFO[0m[14.03.2024 17:30:11] сервер успешно запущен на порту :9000         [36mfile[0m=rest/server.go [36mline[0m=28
[template] [36mINFO[0m[14.03.2024 17:32:34] актер успешно добавлен                        [36mactor_id[0m=6 [36mbirth_date[0m="2024-03-13 08:00:00 +0300 +0300" [36mfile[0m=usecase/actors.go [36mgender[0m=male [36mline[0m=48 [36mname[0m=TestActor
[template] [36mINFO[0m[14.03.2024 17:42:40] version 1.0.0                                 [36mfile[0m=cmd/main.go [36mline[0m=25
[template] [36mINFO[0m[14.03.2024 17:42:40] сервер успешно запущен на порту :9000         [36mfile[0m=rest/server.go [36mline[0m=28
[template] [36mINFO[0m[14.03.2024 17:43:26] данные актера успешно обновлены               [36mactor_id[0m=1 [36mfile[0m=usecase/actors.go [36mline[0m=66 [36mnew_birth_date[0m="{2024-03-13 08:00:00 +0300 +0300 true}" [36mnew_gender[0m="{male true}" [36mnew_name[0m="{test true}"
[template] [36mINFO[0m[14.03.2024 20:10:11] version 1.0.0                                 [36mfile[0m=cmd/main.go [36mline[0m=25
[template] [36mINFO[0m[14.03.2024 20:10:11] сервер успешно запущен на порту :9000         [36mfile[0m=rest/server.go [36mline[0m=28
[template] [36mINFO[0m[14.03.2024 20:11:15] version 1.0.0                                 [36mfile[0m=cmd/main.go [36mline[0m=25
[template] [36mINFO[0m[14.03.2024 20:11:15] сервер успешно запущен на порту :9000         [36mfile[0m=rest/server.go [36mline[0m=29
[template] [36mINFO[0m[14.03.2024 20:11:40] актер успешно удален                          [36mactor_id[0m=1 [36mfile[0m=usecase/actors.go [36mline[0m=84
